[22:55:53] [ServerMain/INFO]: Environment: authHost='https://authserver.mojang.com', accountsHost='https://api.mojang.com', sessionHost='https://sessionserver.mojang.com', servicesHost='https://api.minecraftservices.com', name='PROD'
[22:55:53] [ServerMain/INFO]: Found new data pack file/bukkit, loading it automatically
[22:55:54] [ServerMain/INFO]: Loaded 7 recipes
[22:55:55] [Server thread/INFO]: Starting minecraft server version 1.20.1
[22:55:55] [Server thread/INFO]: Loading properties
[22:55:55] [Server thread/INFO]: This server is running Paper version git-Paper-196 (MC: 1.20.1) (Implementing API version 1.20.1-R0.1-SNAPSHOT) (Git: 773dd72)
[22:55:55] [Server thread/INFO]: Server Ping Player Sample Count: 12
[22:55:55] [Server thread/INFO]: Using 4 threads for Netty based IO
[22:55:56] [Server thread/WARN]: [!] The timings profiler has been enabled but has been scheduled for removal from Paper in the future.
    We recommend installing the spark profiler as a replacement: https://spark.lucko.me/
    For more information please visit: https://github.com/PaperMC/Paper/issues/8948
[22:55:56] [Server thread/INFO]: [ChunkTaskScheduler] Chunk system is using 1 I/O threads, 1 worker threads, and gen parallelism of 1 threads
[22:55:56] [Server thread/INFO]: Default game type: SURVIVAL
[22:55:56] [Server thread/INFO]: Generating keypair
[22:55:56] [Server thread/INFO]: Starting Minecraft server on *:25565
[22:55:56] [Server thread/INFO]: Using epoll channel type
[22:55:56] [Server thread/INFO]: Paper: Using libdeflate (Linux x86_64) compression from Velocity.
[22:55:56] [Server thread/INFO]: Paper: Using OpenSSL 1.1.x (Linux x86_64) cipher from Velocity.
[22:55:57] [Server thread/INFO]: [com.dfsek.terra.AbstractPlatform] Initializing Terra...
[22:55:57] [Server thread/INFO]: [com.dfsek.terra.AbstractPlatform] Loading config.yml
[22:55:57] [Server thread/INFO]: [com.dfsek.terra.config.PluginConfigImpl] Loading config values from config.yml
[22:55:57] [Server thread/INFO]: [com.dfsek.terra.AbstractPlatform] Loading 35 Terra addons:
        - biome-provider-extrusion@1.0.0-BETA+73baaec6c
        - biome-provider-image@1.0.0-BETA+73baaec6c
        - biome-provider-image-v2@1.0.0-BETA+73baaec6c
        - biome-provider-pipeline@1.0.1-BETA+73baaec6c
        - biome-provider-pipeline-v2@1.0.0-BETA+73baaec6c
        - biome-provider-single@1.0.0-BETA+73baaec6c
        - biome-query-api@1.0.0-BETA+73baaec6c
        - chunk-generator-noise-3d@1.1.0-BETA+73baaec6c
        - command-addons@1.0.0-BETA+73baaec6c
        - command-packs@1.0.0-BETA+73baaec6c
        - command-profiler@1.0.0-BETA+73baaec6c
        - command-structures@1.0.0-BETA+73baaec6c
        - config-biome@1.0.0-BETA+73baaec6c
        - config-distributors@1.0.0-BETA+73baaec6c
        - config-feature@1.0.0-BETA+73baaec6c
        - config-flora@1.0.0-BETA+73baaec6c
        - config-locators@1.1.0-BETA+73baaec6c
        - config-noise-function@1.0.0-BETA+73baaec6c
        - config-ore@1.0.0-BETA+73baaec6c
        - config-palette@1.0.0-BETA+73baaec6c
        - config-structure@1.0.0-BETA+73baaec6c
        - generation-stage-feature@1.1.0-BETA+73baaec6c
        - generation-stage-structure@1.0.0-BETA+73baaec6c
        - language-yaml@1.0.0-BETA+73baaec6c
        - library-image@1.0.0-BETA+73baaec6c
        - palette-block-shortcut@1.0.0-BETA+73baaec6c
        - pipeline-image@1.0.0-BETA+73baaec6c
        - structure-block-shortcut@1.0.0-BETA+73baaec6c
        - structure-function-check-noise-3d@1.0.0-BETA+73baaec6c
        - structure-mutator@0.1.0-BETA+73baaec6c
        - structure-sponge-loader@1.0.0-BETA+73baaec6c
        - structure-terrascript-loader@1.1.0-BETA+73baaec6c
        - terra@1.0.0
        - terra-bukkit@1.0.0
        - terrascript-function-sampler@1.0.0-BETA+73baaec6c
[22:55:57] [Server thread/WARN]: [com.dfsek.terra.addons.biome.pipeline.BiomePipelineAddon] The biome-provider-pipeline addon is deprecated and scheduled for removal in Terra 7.0. It is recommended to use the biome-provider-pipeline-v2 addon for future pack development instead.
[22:55:57] [Server thread/WARN]: [com.dfsek.terra.addons.biome.image.ImageBiomeProviderAddon] The biome-provider-image addon is deprecated and scheduled for removal in Terra 7.0. It is recommended to use the biome-provider-image-v2 addon for future pack development instead.
[22:55:57] [Server thread/INFO]: [com.dfsek.terra.AbstractPlatform] Terra addons successfully loaded.
[22:55:57] [Server thread/INFO]: [com.dfsek.terra.AbstractPlatform] Finished initialization.
[22:55:57] [Server thread/INFO]: [FastChunkPregenerator] Loading server plugin FastChunkPregenerator v2.0.9-SNAPSHOT
[22:55:57] [Server thread/INFO]: [Terra] Loading server plugin Terra v6.3.1-BETA+73baaec6c
[22:55:57] [Server thread/INFO]: Server permissions file permissions.yml is empty, ignoring it
[22:55:57] [Server thread/INFO]: [Terra] Enabling Terra v6.3.1-BETA+73baaec6c
[22:55:57] [Server thread/INFO]: [com.dfsek.terra.bukkit.TerraBukkitPlugin] Running on Minecraft version v1.20.1 with server implementation Paper.
[22:55:57] [Server thread/INFO]: [com.dfsek.terra.AbstractPlatform] Loading config packs...
[22:55:57] [Server thread/INFO]: [com.dfsek.terra.registry.master.ConfigRegistry] Loading ZIP archive: default.zip
[22:55:58] [Server thread/INFO]: [com.dfsek.terra.config.pack.ConfigPackImpl] Loading config pack "OVERWORLD:OVERWORLD"
[22:55:59] [Server thread/INFO]: [com.dfsek.terra.config.pack.ConfigPackImpl] Loaded config pack "OVERWORLD:OVERWORLD" v1.3.3 by Astrash, Sancires, Aureus in 2348.505028ms.
[22:55:59] [Server thread/INFO]: [com.dfsek.terra.AbstractPlatform] Loaded packs.
[22:56:00] [Server thread/INFO]: [com.dfsek.terra.bukkit.nms.v1_20_R1.AwfulBukkitHacks] Hacking biome registry...
[22:56:00] [Server thread/INFO]: [com.dfsek.terra.bukkit.nms.v1_20_R1.AwfulBukkitHacks] Doing tag garbage....
[22:56:00] [Server thread/WARN]: **** SERVER IS RUNNING IN OFFLINE/INSECURE MODE!
[22:56:00] [Server thread/WARN]: The server will make no attempt to authenticate usernames. Beware.
[22:56:00] [Server thread/WARN]: While this makes the game possible to play without internet access, it also opens up the ability for hackers to connect with any username they choose.
[22:56:00] [Server thread/WARN]: To change this, set "online-mode" to "true" in the server.properties file.
[22:56:00] [Server thread/INFO]: Preparing level "world"
[22:56:00] [Server thread/INFO]: [com.dfsek.terra.bukkit.nms.v1_20_R1.NMSInjectListener] Preparing to take over the world: world
[22:56:00] [Server thread/INFO]: [com.dfsek.terra.bukkit.nms.v1_20_R1.NMSInjectListener] Successfully injected into world.
[22:56:30] [Server thread/INFO]: Preparing start region for dimension minecraft:overworld
[22:56:30] [Server thread/INFO]: Time elapsed: 65 ms
[22:56:30] [Server thread/INFO]: Preparing start region for dimension minecraft:the_nether
[22:56:30] [Server thread/INFO]: Time elapsed: 56 ms
[22:56:30] [Server thread/INFO]: Preparing start region for dimension minecraft:the_end
[22:56:30] [Server thread/INFO]: Time elapsed: 27 ms
[22:56:30] [Server thread/INFO]: [FastChunkPregenerator] Enabling FastChunkPregenerator v2.0.9-SNAPSHOT
[22:56:30] [Server thread/INFO]: [FastChunkPregenerator] >> Paper was found.
[22:56:30] [Server thread/INFO]: [FastChunkPregenerator] >> Async chunk loading support is enabled.
[22:56:30] [Server thread/INFO]: Running delayed init tasks
[22:56:30] [Server thread/INFO]: Done (35.556s)! For help, type "help"
[22:56:30] [Server thread/INFO]: Timings Reset
[22:56:43] [User Authenticator #0/INFO]: UUID of player G4MM4___ is d928339c-a47f-3789-9e04-17119003d19d
[22:56:43] [Server thread/INFO]: G4MM4___ joined the game
[22:56:43] [Server thread/INFO]: G4MM4___[/127.201.110.57:59533] logged in with entity id 61 at ([world]8.5, 65.0, -263.5)
[22:56:56] [User Authenticator #0/INFO]: UUID of player tulagrandea is 3ec36fb6-9738-3522-8762-b4d784603c31
[22:56:56] [Server thread/INFO]: tulagrandea joined the game
[22:56:56] [Server thread/INFO]: tulagrandea[/127.201.110.57:33069] logged in with entity id 341 at ([world]8.5, 65.0, -263.5)
[22:56:59] [Async Chat Thread - #1/INFO]: [Not Secure] <G4MM4___> :V
[22:57:44] [User Authenticator #0/INFO]: UUID of player _JoSeP_05 is 84ef5069-ace0-3a20-a670-51a3cb94662c
[22:57:44] [Server thread/INFO]: _JoSeP_05 joined the game
[22:57:44] [Server thread/INFO]: _JoSeP_05[/127.201.110.57:53247] logged in with entity id 660 at ([world]8.5, 65.0, -263.5)
[22:57:51] [Server thread/INFO]: G4MM4___ issued server command: /tp _JoSeP_05 G4MM4___
[22:57:51] [Server thread/INFO]: [G4MM4___: Teleported _JoSeP_05 to G4MM4___]
[22:58:07] [Server thread/INFO]: G4MM4___ issued server command: /tp
[22:58:37] [Async Chat Thread - #2/INFO]: [Not Secure] <tulagrandea> barra sid
[22:58:44] [Server thread/INFO]: G4MM4___ has made the advancement [Stone Age]
[22:58:52] [Server thread/INFO]: G4MM4___ has made the advancement [Getting an Upgrade]
[22:58:55] [Server thread/INFO]: tulagrandea has made the advancement [Stone Age]
[22:59:02] [Server thread/INFO]: tulagrandea has made the advancement [Getting an Upgrade]
[22:59:30] [Server thread/INFO]: _JoSeP_05 has made the advancement [Stone Age]
[22:59:47] [Server thread/INFO]: _JoSeP_05 has made the advancement [Getting an Upgrade]
[23:00:05] [Server thread/INFO]: G4MM4___ issued server command: /difficulty hard
[23:00:05] [Server thread/INFO]: [G4MM4___: The difficulty has been set to Hard]
[23:00:41] [Server thread/INFO]: tulagrandea has made the advancement [Acquire Hardware]
[23:00:50] [Tuinity Chunk System Worker #0/WARN]: [com.dfsek.terra.bukkit.world.BukkitProtoWorld] Detected world access at coordinates out of bounds: (-572, 105, -369) accessed for region [-36, -22]
[23:00:53] [Async Chat Thread - #4/INFO]: [Not Secure] <G4MM4___> aa
[23:01:07] [Async Chat Thread - #5/INFO]: [Not Secure] <tulagrandea> hola
[23:01:15] [Async Chat Thread - #4/INFO]: [Not Secure] <tulagrandea> te voy a donar bits amigo
[23:01:15] [Async Chat Thread - #5/INFO]: [Not Secure] <G4MM4___> clalte
[23:01:22] [Async Chat Thread - #4/INFO]: [Not Secure] <tulagrandea> de nada
[23:01:27] [Server thread/INFO]: G4MM4___ has made the advancement [Acquire Hardware]
[23:01:39] [Async Chat Thread - #5/INFO]: [Not Secure] <tulagrandea> que bien mi streamer favorito
[23:01:49] [Server thread/INFO]: G4MM4___ has made the advancement [Isn't It Iron Pick]
[23:02:15] [Server thread/INFO]: _JoSeP_05 has made the advancement [Monster Hunter]
[23:03:38] [Async Chat Thread - #6/INFO]: [Not Secure] <G4MM4___> :v
[23:03:47] [Async Chat Thread - #7/INFO]: [Not Secure] <_JoSeP_05> ;v
[23:03:52] [Async Chat Thread - #6/INFO]: [Not Secure] <tulagrandea> :v
[23:08:02] [Server thread/INFO]: G4MM4___ issued server command: /kick @a
[23:08:02] [Server thread/INFO]: G4MM4___ lost connection: Kicked by an operator
[23:08:02] [Server thread/INFO]: G4MM4___ left the game
[23:08:02] [Server thread/INFO]: [G4MM4___: Kicked G4MM4___: Kicked by an operator]
[23:08:02] [Server thread/INFO]: tulagrandea lost connection: Kicked by an operator
[23:08:02] [Server thread/INFO]: tulagrandea left the game
[23:08:02] [Server thread/INFO]: [G4MM4___: Kicked tulagrandea: Kicked by an operator]
[23:08:02] [Server thread/INFO]: _JoSeP_05 lost connection: Kicked by an operator
[23:08:02] [Server thread/INFO]: _JoSeP_05 left the game
[23:08:02] [Server thread/INFO]: [G4MM4___: Kicked _JoSeP_05: Kicked by an operator]
[23:08:05] [User Authenticator #1/INFO]: UUID of player G4MM4___ is d928339c-a47f-3789-9e04-17119003d19d
[23:08:05] [Server thread/INFO]: G4MM4___ joined the game
[23:08:05] [Server thread/INFO]: G4MM4___[/127.201.110.57:54023] logged in with entity id 5142 at ([world]-247.7501148063348, 112.0, 357.69999998807907)
[23:08:15] [User Authenticator #1/INFO]: UUID of player _JoSeP_05 is 84ef5069-ace0-3a20-a670-51a3cb94662c
[23:08:15] [Server thread/INFO]: _JoSeP_05 joined the game
[23:08:15] [Server thread/INFO]: _JoSeP_05[/127.201.110.57:40269] logged in with entity id 5344 at ([world]-425.2079694765867, 68.0, -265.70276612356884)
[23:08:22] [User Authenticator #1/INFO]: UUID of player tulagrandea is 3ec36fb6-9738-3522-8762-b4d784603c31
[23:08:22] [Server thread/INFO]: tulagrandea joined the game
[23:08:22] [Server thread/INFO]: tulagrandea[/127.201.110.57:52445] logged in with entity id 5572 at ([world]-509.69999998807907, 77.0, -71.69999998807907)
[23:08:39] [Server thread/INFO]: tulagrandea lost connection: Disconnected
[23:08:39] [Server thread/INFO]: tulagrandea left the game
[23:08:41] [User Authenticator #1/INFO]: UUID of player tulagrandea is 3ec36fb6-9738-3522-8762-b4d784603c31
[23:08:41] [Server thread/INFO]: tulagrandea joined the game
[23:08:41] [Server thread/INFO]: tulagrandea[/127.201.110.57:36769] logged in with entity id 5716 at ([world]-509.69999998807907, 77.0, -71.69999998807907)
[23:09:21] [Async Chat Thread - #8/INFO]: [Not Secure] <G4MM4___> -230 115 370
[23:09:38] [Server thread/INFO]: G4MM4___ has made the advancement [Not Today, Thank You]
[23:10:10] [Server thread/INFO]: G4MM4___ has made the advancement [Suit Up]
[23:11:56] [Server thread/INFO]: tulagrandea has made the advancement [Monster Hunter]
[23:12:22] [Server thread/INFO]: tulagrandea has made the advancement [Sweet Dreams]
[23:12:37] [Server thread/INFO]: _JoSeP_05 has made the advancement [Sweet Dreams]
[23:12:40] [Async Chat Thread - #10/INFO]: [Not Secure] <_JoSeP_05> zzz
[23:12:40] [Async Chat Thread - #11/INFO]: [Not Secure] <_JoSeP_05> zzzzz
[23:12:41] [Async Chat Thread - #10/INFO]: [Not Secure] <_JoSeP_05> zzzz
[23:12:42] [Async Chat Thread - #11/INFO]: [Not Secure] <_JoSeP_05> z
[23:12:42] [Async Chat Thread - #10/INFO]: [Not Secure] <_JoSeP_05> zz
[23:12:42] [Async Chat Thread - #11/INFO]: [Not Secure] <_JoSeP_05> z
[23:12:42] [Async Chat Thread - #10/INFO]: [Not Secure] <_JoSeP_05> z
[23:12:42] [Async Chat Thread - #11/INFO]: [Not Secure] <_JoSeP_05> z
[23:12:43] [Async Chat Thread - #10/INFO]: [Not Secure] <_JoSeP_05> z
[23:12:43] [Async Chat Thread - #11/INFO]: [Not Secure] <_JoSeP_05> z
[23:12:43] [Async Chat Thread - #10/INFO]: [Not Secure] <_JoSeP_05> z
[23:12:44] [Async Chat Thread - #12/INFO]: [Not Secure] <_JoSeP_05> zzzz
[23:13:03] [Async Chat Thread - #10/INFO]: [Not Secure] <tulagrandea> zeta zeta
[23:13:17] [Async Chat Thread - #11/INFO]: [Not Secure] <tulagrandea> 7
[23:13:19] [Async Chat Thread - #12/INFO]: [Not Secure] <tulagrandea> 7
[23:13:20] [Async Chat Thread - #11/INFO]: [Not Secure] <tulagrandea> 7
[23:13:39] [Async Chat Thread - #12/INFO]: [Not Secure] <G4MM4___> :v
[23:13:55] [Async Chat Thread - #11/INFO]: [Not Secure] <tulagrandea> barra kich G4MM4___
[23:13:58] [Async Chat Thread - #12/INFO]: [Not Secure] <G4MM4___> sebastian dice me gusta la pinga
[23:14:17] [Server thread/INFO]: tulagrandea has made the advancement [Suit Up]
[23:14:29] [Server thread/INFO]: tulagrandea lost connection: Disconnected
[23:14:29] [Server thread/INFO]: tulagrandea left the game
[23:14:35] [User Authenticator #2/INFO]: UUID of player tulagrandea is 3ec36fb6-9738-3522-8762-b4d784603c31
[23:14:35] [Server thread/INFO]: tulagrandea joined the game
[23:14:35] [Server thread/INFO]: tulagrandea[/127.201.110.57:59495] logged in with entity id 8674 at ([world]-1052.699999988079, 85.0, 62.7326801944777)
[23:14:36] [Server thread/INFO]: G4MM4___ issued server command: /ban tulagrandea hola
[23:14:36] [Server thread/INFO]: [G4MM4___: Banned tulagrandea: hola]
[23:14:36] [Server thread/INFO]: tulagrandea lost connection: You are banned from this server
[23:14:36] [Server thread/INFO]: tulagrandea left the game
[23:14:42] [User Authenticator #2/INFO]: UUID of player tulagrandea is 3ec36fb6-9738-3522-8762-b4d784603c31
[23:14:42] [Server thread/INFO]: Disconnecting com.mojang.authlib.GameProfile@f5f2cf4[id=3ec36fb6-9738-3522-8762-b4d784603c31,name=tulagrandea,properties={},legacy=false] (/127.201.110.57:41563): You are banned from this server.
Reason: hola
[23:14:42] [Server thread/INFO]: com.mojang.authlib.GameProfile@f5f2cf4[id=3ec36fb6-9738-3522-8762-b4d784603c31,name=tulagrandea,properties={},legacy=false] (/127.201.110.57:41563) lost connection: You are banned from this server.
Reason: hola
[23:14:56] [User Authenticator #2/INFO]: UUID of player tulagrandea is 3ec36fb6-9738-3522-8762-b4d784603c31
[23:14:56] [Server thread/INFO]: Disconnecting com.mojang.authlib.GameProfile@41769226[id=3ec36fb6-9738-3522-8762-b4d784603c31,name=tulagrandea,properties={},legacy=false] (/127.201.110.57:38427): You are banned from this server.
Reason: hola
[23:14:56] [Server thread/INFO]: com.mojang.authlib.GameProfile@41769226[id=3ec36fb6-9738-3522-8762-b4d784603c31,name=tulagrandea,properties={},legacy=false] (/127.201.110.57:38427) lost connection: You are banned from this server.
Reason: hola
[23:15:04] [Server thread/INFO]: G4MM4___ issued server command: /pardon tulagrandea
[23:15:04] [Server thread/INFO]: [G4MM4___: Unbanned tulagrandea]
[23:15:06] [User Authenticator #2/INFO]: UUID of player tulagrandea is 3ec36fb6-9738-3522-8762-b4d784603c31
[23:15:06] [Server thread/INFO]: tulagrandea joined the game
[23:15:06] [Server thread/INFO]: tulagrandea[/127.201.110.57:46975] logged in with entity id 8948 at ([world]-1052.699999988079, 85.0, 62.7326801944777)
